0 verbose cli /usr/local/bin/node /usr/local/bin/npm
1 info using npm@10.9.2
2 info using node@v22.14.0
3 silly config load:file:/usr/local/lib/node_modules/npm/npmrc
4 silly config load:file:/Users/chunsig-i/your-app/server/fullstack-app/server/.npmrc
5 silly config load:file:/Users/chunsig-i/.npmrc
6 silly config load:file:/usr/local/etc/npmrc
7 verbose title npm install express mongoose cors dotenv
8 verbose argv "install" "express" "mongoose" "cors" "dotenv"
9 verbose logfile logs-max:10 dir:/Users/chunsig-i/.npm/_logs/2025-07-22T23_57_43_048Z-
10 verbose logfile /Users/chunsig-i/.npm/_logs/2025-07-22T23_57_43_048Z-debug-0.log
11 silly logfile start cleaning logs, removing 1 files
12 silly packumentCache heap:4345298944 maxSize:1086324736 maxEntrySize:543162368
13 silly logfile done cleaning log files
14 silly idealTree buildDeps
15 silly fetch manifest express@*
16 silly packumentCache full:https://registry.npmjs.org/express cache-miss
17 http fetch GET 200 https://registry.npmjs.org/express 284ms (cache updated)
18 silly packumentCache full:https://registry.npmjs.org/express set size:undefined disposed:false
19 silly fetch manifest mongoose@*
20 silly packumentCache full:https://registry.npmjs.org/mongoose cache-miss
21 http fetch GET 200 https://registry.npmjs.org/mongoose 586ms (cache miss)
22 silly packumentCache full:https://registry.npmjs.org/mongoose set size:undefined disposed:false
23 silly fetch manifest cors@*
24 silly packumentCache full:https://registry.npmjs.org/cors cache-miss
25 http fetch GET 200 https://registry.npmjs.org/cors 50ms (cache miss)
26 silly packumentCache full:https://registry.npmjs.org/cors set size:undefined disposed:false
27 silly fetch manifest dotenv@*
28 silly packumentCache full:https://registry.npmjs.org/dotenv cache-miss
29 http fetch GET 200 https://registry.npmjs.org/dotenv 42ms (cache revalidated)
30 silly packumentCache full:https://registry.npmjs.org/dotenv set size:253259 disposed:false
31 silly placeDep ROOT cors@2.8.5 OK for: server@1.0.0 want: *
32 silly placeDep ROOT dotenv@17.2.0 OK for: server@1.0.0 want: *
33 silly placeDep ROOT express@5.1.0 OK for: server@1.0.0 want: *
34 silly placeDep ROOT mongoose@8.16.4 OK for: server@1.0.0 want: *
35 silly fetch manifest vary@^1
36 silly packumentCache full:https://registry.npmjs.org/vary cache-miss
37 silly fetch manifest object-assign@^4
38 silly packumentCache full:https://registry.npmjs.org/object-assign cache-miss
39 silly fetch manifest qs@^6.14.0
40 silly packumentCache full:https://registry.npmjs.org/qs cache-miss
41 silly fetch manifest etag@^1.8.1
42 silly packumentCache full:https://registry.npmjs.org/etag cache-miss
43 silly fetch manifest once@^1.4.0
44 silly packumentCache full:https://registry.npmjs.org/once cache-miss
45 silly fetch manifest send@^1.1.0
46 silly packumentCache full:https://registry.npmjs.org/send cache-miss
47 silly fetch manifest vary@^1.1.2
48 silly packumentCache full:https://registry.npmjs.org/vary cache-miss
49 silly fetch manifest debug@^4.4.0
50 silly packumentCache full:https://registry.npmjs.org/debug cache-miss
51 silly fetch manifest fresh@^2.0.0
52 silly packumentCache full:https://registry.npmjs.org/fresh cache-miss
53 http fetch GET 200 https://registry.npmjs.org/vary 59ms (cache revalidated)
54 silly packumentCache full:https://registry.npmjs.org/vary set size:16018 disposed:false
55 silly fetch manifest cookie@^0.7.1
56 silly packumentCache full:https://registry.npmjs.org/cookie cache-miss
57 http fetch GET 200 https://registry.npmjs.org/vary 103ms (cache revalidated)
58 silly packumentCache full:https://registry.npmjs.org/vary set size:16018 disposed:false
59 silly packumentCache full:https://registry.npmjs.org/vary dispose
60 silly fetch manifest router@^2.2.0
61 silly packumentCache full:https://registry.npmjs.org/router cache-miss
62 http fetch GET 200 https://registry.npmjs.org/object-assign 104ms (cache revalidated)
63 silly packumentCache full:https://registry.npmjs.org/object-assign set size:28988 disposed:false
64 silly fetch manifest accepts@^2.0.0
65 silly packumentCache full:https://registry.npmjs.org/accepts cache-miss
66 http fetch GET 200 https://registry.npmjs.org/etag 104ms (cache revalidated)
67 silly packumentCache full:https://registry.npmjs.org/etag set size:30032 disposed:false
68 silly fetch manifest type-is@^2.0.1
69 silly packumentCache full:https://registry.npmjs.org/type-is cache-miss
70 http fetch GET 200 https://registry.npmjs.org/debug 104ms (cache revalidated)
71 silly packumentCache full:https://registry.npmjs.org/debug set size:193521 disposed:false
72 silly fetch manifest parseurl@^1.3.3
73 silly packumentCache full:https://registry.npmjs.org/parseurl cache-miss
74 http fetch GET 200 https://registry.npmjs.org/once 107ms (cache revalidated)
75 silly packumentCache full:https://registry.npmjs.org/once set size:11768 disposed:false
76 silly fetch manifest statuses@^2.0.1
77 silly packumentCache full:https://registry.npmjs.org/statuses cache-miss
78 http fetch GET 200 https://registry.npmjs.org/fresh 106ms (cache revalidated)
79 silly packumentCache full:https://registry.npmjs.org/fresh set size:25427 disposed:false
80 silly fetch manifest encodeurl@^2.0.0
81 silly packumentCache full:https://registry.npmjs.org/encodeurl cache-miss
82 http fetch GET 200 https://registry.npmjs.org/qs 111ms (cache revalidated)
83 silly packumentCache full:https://registry.npmjs.org/qs set size:264677 disposed:false
84 silly fetch manifest mime-types@^3.0.0
85 silly packumentCache full:https://registry.npmjs.org/mime-types cache-miss
86 http fetch GET 200 https://registry.npmjs.org/cookie 51ms (cache revalidated)
87 silly packumentCache full:https://registry.npmjs.org/cookie set size:67180 disposed:false
88 silly fetch manifest proxy-addr@^2.0.7
89 silly packumentCache full:https://registry.npmjs.org/proxy-addr cache-miss
90 http fetch GET 200 https://registry.npmjs.org/send 113ms (cache revalidated)
91 silly packumentCache full:https://registry.npmjs.org/send set size:147586 disposed:false
92 silly fetch manifest body-parser@^2.2.0
93 silly packumentCache full:https://registry.npmjs.org/body-parser cache-miss
94 http fetch GET 200 https://registry.npmjs.org/router 38ms (cache miss)
95 silly packumentCache full:https://registry.npmjs.org/router set size:undefined disposed:false
96 silly fetch manifest escape-html@^1.0.3
97 silly packumentCache full:https://registry.npmjs.org/escape-html cache-miss
98 http fetch GET 200 https://registry.npmjs.org/encodeurl 45ms (cache revalidated)
99 silly packumentCache full:https://registry.npmjs.org/encodeurl set size:12296 disposed:false
100 silly fetch manifest http-errors@^2.0.0
101 silly packumentCache full:https://registry.npmjs.org/http-errors cache-miss
102 http fetch GET 200 https://registry.npmjs.org/parseurl 47ms (cache revalidated)
103 silly packumentCache full:https://registry.npmjs.org/parseurl set size:24148 disposed:false
104 silly fetch manifest on-finished@^2.4.1
105 silly packumentCache full:https://registry.npmjs.org/on-finished cache-miss
106 http fetch GET 200 https://registry.npmjs.org/accepts 50ms (cache revalidated)
107 silly packumentCache full:https://registry.npmjs.org/accepts set size:77054 disposed:false
108 silly fetch manifest content-type@^1.0.5
109 silly packumentCache full:https://registry.npmjs.org/content-type cache-miss
110 http fetch GET 200 https://registry.npmjs.org/proxy-addr 43ms (cache revalidated)
111 silly packumentCache full:https://registry.npmjs.org/proxy-addr set size:61619 disposed:false
112 silly fetch manifest finalhandler@^2.1.0
113 silly packumentCache full:https://registry.npmjs.org/finalhandler cache-miss
114 http fetch GET 200 https://registry.npmjs.org/type-is 53ms (cache revalidated)
115 silly packumentCache full:https://registry.npmjs.org/type-is set size:86196 disposed:false
116 silly fetch manifest range-parser@^1.2.1
117 silly packumentCache full:https://registry.npmjs.org/range-parser cache-miss
118 http fetch GET 200 https://registry.npmjs.org/mime-types 48ms (cache revalidated)
119 silly packumentCache full:https://registry.npmjs.org/mime-types set size:136716 disposed:false
120 silly fetch manifest serve-static@^2.2.0
121 silly packumentCache full:https://registry.npmjs.org/serve-static cache-miss
122 http fetch GET 200 https://registry.npmjs.org/statuses 55ms (cache revalidated)
123 silly packumentCache full:https://registry.npmjs.org/statuses set size:37117 disposed:false
124 silly fetch manifest cookie-signature@^1.2.1
125 silly packumentCache full:https://registry.npmjs.org/cookie-signature cache-miss
126 http fetch GET 200 https://registry.npmjs.org/body-parser 57ms (cache revalidated)
127 silly packumentCache full:https://registry.npmjs.org/body-parser set size:209520 disposed:false
128 silly fetch manifest merge-descriptors@^2.0.0
129 silly packumentCache full:https://registry.npmjs.org/merge-descriptors cache-miss
130 http fetch GET 200 https://registry.npmjs.org/escape-html 37ms (cache revalidated)
131 silly packumentCache full:https://registry.npmjs.org/escape-html set size:7345 disposed:false
132 silly fetch manifest content-disposition@^1.0.0
133 silly packumentCache full:https://registry.npmjs.org/content-disposition cache-miss
134 http fetch GET 200 https://registry.npmjs.org/http-errors 34ms (cache revalidated)
135 silly packumentCache full:https://registry.npmjs.org/http-errors set size:69537 disposed:false
136 silly fetch manifest bson@^6.10.4
137 silly packumentCache full:https://registry.npmjs.org/bson cache-miss
138 http fetch GET 200 https://registry.npmjs.org/on-finished 37ms (cache revalidated)
139 silly packumentCache full:https://registry.npmjs.org/on-finished set size:23212 disposed:false
140 silly fetch manifest kareem@2.6.3
141 silly packumentCache full:https://registry.npmjs.org/kareem cache-miss
142 http fetch GET 200 https://registry.npmjs.org/content-type 39ms (cache revalidated)
143 silly packumentCache full:https://registry.npmjs.org/content-type set size:17311 disposed:false
144 silly fetch manifest mongodb@~6.17.0
145 silly packumentCache full:https://registry.npmjs.org/mongodb cache-miss
146 http fetch GET 200 https://registry.npmjs.org/finalhandler 41ms (cache revalidated)
147 silly packumentCache full:https://registry.npmjs.org/finalhandler set size:74406 disposed:false
148 silly fetch manifest mpath@0.9.0
149 silly packumentCache full:https://registry.npmjs.org/mpath cache-miss
150 http fetch GET 200 https://registry.npmjs.org/range-parser 41ms (cache revalidated)
151 silly packumentCache full:https://registry.npmjs.org/range-parser set size:22228 disposed:false
152 silly fetch manifest mquery@5.0.0
153 silly packumentCache full:https://registry.npmjs.org/mquery cache-miss
154 http fetch GET 200 https://registry.npmjs.org/cookie-signature 38ms (cache revalidated)
155 silly packumentCache full:https://registry.npmjs.org/cookie-signature set size:21777 disposed:false
156 silly fetch manifest ms@2.1.3
157 silly packumentCache full:https://registry.npmjs.org/ms cache-miss
158 http fetch GET 200 https://registry.npmjs.org/serve-static 47ms (cache revalidated)
159 silly packumentCache full:https://registry.npmjs.org/serve-static set size:145938 disposed:false
160 silly fetch manifest sift@17.1.3
161 silly packumentCache full:https://registry.npmjs.org/sift cache-miss
162 http fetch GET 200 https://registry.npmjs.org/content-disposition 29ms (cache revalidated)
163 silly packumentCache full:https://registry.npmjs.org/content-disposition set size:26893 disposed:false
164 http fetch GET 200 https://registry.npmjs.org/merge-descriptors 46ms (cache revalidated)
165 silly packumentCache full:https://registry.npmjs.org/merge-descriptors set size:16527 disposed:false
166 http fetch GET 200 https://registry.npmjs.org/ms 31ms (cache revalidated)
167 silly packumentCache full:https://registry.npmjs.org/ms set size:84883 disposed:false
168 http fetch GET 200 https://registry.npmjs.org/bson 80ms (cache miss)
169 silly packumentCache full:https://registry.npmjs.org/bson set size:undefined disposed:false
170 http fetch GET 200 https://registry.npmjs.org/mongodb 138ms (cache miss)
171 silly packumentCache full:https://registry.npmjs.org/mongodb set size:undefined disposed:false
172 http fetch GET 200 https://registry.npmjs.org/kareem 472ms (cache miss)
173 silly packumentCache full:https://registry.npmjs.org/kareem set size:undefined disposed:false
174 http fetch GET 200 https://registry.npmjs.org/mpath 484ms (cache miss)
175 silly packumentCache full:https://registry.npmjs.org/mpath set size:undefined disposed:false
176 http fetch GET 200 https://registry.npmjs.org/mquery 509ms (cache miss)
177 silly packumentCache full:https://registry.npmjs.org/mquery set size:undefined disposed:false
178 http fetch GET 200 https://registry.npmjs.org/sift 588ms (cache miss)
179 silly packumentCache full:https://registry.npmjs.org/sift set size:undefined disposed:false
180 silly placeDep ROOT object-assign@4.1.1 OK for: cors@2.8.5 want: ^4
181 silly placeDep ROOT vary@1.1.2 OK for: cors@2.8.5 want: ^1
182 silly placeDep ROOT accepts@2.0.0 OK for: express@5.1.0 want: ^2.0.0
183 silly placeDep ROOT body-parser@2.2.0 OK for: express@5.1.0 want: ^2.2.0
184 silly placeDep ROOT content-disposition@1.0.0 OK for: express@5.1.0 want: ^1.0.0
185 silly placeDep ROOT content-type@1.0.5 OK for: express@5.1.0 want: ^1.0.5
186 silly placeDep ROOT cookie@0.7.2 OK for: express@5.1.0 want: ^0.7.1
187 silly placeDep ROOT cookie-signature@1.2.2 OK for: express@5.1.0 want: ^1.2.1
188 silly placeDep ROOT debug@4.4.1 OK for: express@5.1.0 want: ^4.4.0
189 silly placeDep ROOT encodeurl@2.0.0 OK for: express@5.1.0 want: ^2.0.0
190 silly placeDep ROOT escape-html@1.0.3 OK for: express@5.1.0 want: ^1.0.3
191 silly placeDep ROOT etag@1.8.1 OK for: express@5.1.0 want: ^1.8.1
192 silly placeDep ROOT finalhandler@2.1.0 OK for: express@5.1.0 want: ^2.1.0
193 silly placeDep ROOT fresh@2.0.0 OK for: express@5.1.0 want: ^2.0.0
194 silly placeDep ROOT http-errors@2.0.0 OK for: express@5.1.0 want: ^2.0.0
195 silly placeDep ROOT merge-descriptors@2.0.0 OK for: express@5.1.0 want: ^2.0.0
196 silly placeDep ROOT mime-types@3.0.1 OK for: express@5.1.0 want: ^3.0.0
197 silly placeDep ROOT on-finished@2.4.1 OK for: express@5.1.0 want: ^2.4.1
198 silly placeDep ROOT once@1.4.0 OK for: express@5.1.0 want: ^1.4.0
199 silly placeDep ROOT parseurl@1.3.3 OK for: express@5.1.0 want: ^1.3.3
200 silly placeDep ROOT proxy-addr@2.0.7 OK for: express@5.1.0 want: ^2.0.7
201 silly placeDep ROOT qs@6.14.0 OK for: express@5.1.0 want: ^6.14.0
202 silly placeDep ROOT range-parser@1.2.1 OK for: express@5.1.0 want: ^1.2.1
203 silly placeDep ROOT router@2.2.0 OK for: express@5.1.0 want: ^2.2.0
204 silly placeDep ROOT send@1.2.0 OK for: express@5.1.0 want: ^1.1.0
205 silly placeDep ROOT serve-static@2.2.0 OK for: express@5.1.0 want: ^2.2.0
206 silly placeDep ROOT statuses@2.0.2 OK for: express@5.1.0 want: ^2.0.1
207 silly placeDep ROOT type-is@2.0.1 OK for: express@5.1.0 want: ^2.0.1
208 silly fetch manifest negotiator@^1.0.0
209 silly packumentCache full:https://registry.npmjs.org/negotiator cache-miss
210 silly fetch manifest bytes@^3.1.2
211 silly packumentCache full:https://registry.npmjs.org/bytes cache-miss
212 silly fetch manifest iconv-lite@^0.6.3
213 silly packumentCache full:https://registry.npmjs.org/iconv-lite cache-miss
214 silly fetch manifest raw-body@^3.0.0
215 silly packumentCache full:https://registry.npmjs.org/raw-body cache-miss
216 silly fetch manifest type-is@^2.0.0
217 silly packumentCache full:https://registry.npmjs.org/type-is cache-hit
218 silly fetch manifest safe-buffer@5.2.1
219 silly packumentCache full:https://registry.npmjs.org/safe-buffer cache-miss
220 silly fetch manifest ms@^2.1.3
221 silly packumentCache full:https://registry.npmjs.org/ms cache-hit
222 silly fetch manifest depd@2.0.0
223 silly packumentCache full:https://registry.npmjs.org/depd cache-miss
224 silly fetch manifest inherits@2.0.4
225 silly packumentCache full:https://registry.npmjs.org/inherits cache-miss
226 silly fetch manifest statuses@2.0.1
227 silly packumentCache full:https://registry.npmjs.org/statuses cache-hit
228 silly fetch manifest toidentifier@1.0.1
229 silly packumentCache full:https://registry.npmjs.org/toidentifier cache-miss
230 silly fetch manifest setprototypeof@1.2.0
231 silly packumentCache full:https://registry.npmjs.org/setprototypeof cache-miss
232 http fetch GET 200 https://registry.npmjs.org/bytes 33ms (cache revalidated)
233 silly packumentCache full:https://registry.npmjs.org/bytes set size:37018 disposed:false
234 silly fetch manifest mime-db@^1.54.0
235 silly packumentCache full:https://registry.npmjs.org/mime-db cache-miss
236 http fetch GET 200 https://registry.npmjs.org/raw-body 34ms (cache revalidated)
237 silly packumentCache full:https://registry.npmjs.org/raw-body set size:108717 disposed:false
238 silly fetch manifest ee-first@1.1.1
239 silly packumentCache full:https://registry.npmjs.org/ee-first cache-miss
240 http fetch GET 200 https://registry.npmjs.org/negotiator 37ms (cache revalidated)
241 silly packumentCache full:https://registry.npmjs.org/negotiator set size:48046 disposed:false
242 silly fetch manifest wrappy@1
243 silly packumentCache full:https://registry.npmjs.org/wrappy cache-miss
244 http fetch GET 200 https://registry.npmjs.org/setprototypeof 41ms (cache revalidated)
245 silly packumentCache full:https://registry.npmjs.org/setprototypeof set size:14532 disposed:false
246 silly fetch manifest forwarded@0.2.0
247 silly packumentCache full:https://registry.npmjs.org/forwarded cache-miss
248 http fetch GET 200 https://registry.npmjs.org/iconv-lite 45ms (cache revalidated)
249 silly packumentCache full:https://registry.npmjs.org/iconv-lite set size:115994 disposed:false
250 silly fetch manifest ipaddr.js@1.9.1
251 silly packumentCache full:https://registry.npmjs.org/ipaddr.js cache-miss
252 http fetch GET 200 https://registry.npmjs.org/depd 45ms (cache revalidated)
253 silly packumentCache full:https://registry.npmjs.org/depd set size:40182 disposed:false
254 silly fetch manifest side-channel@^1.1.0
255 silly packumentCache full:https://registry.npmjs.org/side-channel cache-miss
256 http fetch GET 200 https://registry.npmjs.org/safe-buffer 46ms (cache revalidated)
257 silly packumentCache full:https://registry.npmjs.org/safe-buffer set size:41183 disposed:false
258 silly fetch manifest depd@^2.0.0
259 silly packumentCache full:https://registry.npmjs.org/depd cache-hit
260 silly fetch manifest is-promise@^4.0.0
261 silly packumentCache full:https://registry.npmjs.org/is-promise cache-miss
262 http fetch GET 200 https://registry.npmjs.org/toidentifier 45ms (cache revalidated)
263 silly packumentCache full:https://registry.npmjs.org/toidentifier set size:12006 disposed:false
264 silly fetch manifest path-to-regexp@^8.0.0
265 silly packumentCache full:https://registry.npmjs.org/path-to-regexp cache-miss
266 http fetch GET 200 https://registry.npmjs.org/inherits 47ms (cache revalidated)
267 silly packumentCache full:https://registry.npmjs.org/inherits set size:12925 disposed:false
268 silly fetch manifest media-typer@^1.1.0
269 silly packumentCache full:https://registry.npmjs.org/media-typer cache-miss
270 http fetch GET 200 https://registry.npmjs.org/mime-db 29ms (cache revalidated)
271 silly packumentCache full:https://registry.npmjs.org/mime-db set size:164953 disposed:false
272 http fetch GET 200 https://registry.npmjs.org/ee-first 34ms (cache revalidated)
273 silly packumentCache full:https://registry.npmjs.org/ee-first set size:15327 disposed:false
274 http fetch GET 200 https://registry.npmjs.org/wrappy 40ms (cache revalidated)
275 silly packumentCache full:https://registry.npmjs.org/wrappy set size:7682 disposed:false
276 http fetch GET 200 https://registry.npmjs.org/ipaddr.js 36ms (cache revalidated)
277 silly packumentCache full:https://registry.npmjs.org/ipaddr.js set size:65942 disposed:false
278 http fetch GET 200 https://registry.npmjs.org/media-typer 36ms (cache revalidated)
279 silly packumentCache full:https://registry.npmjs.org/media-typer set size:20873 disposed:false
280 http fetch GET 200 https://registry.npmjs.org/side-channel 40ms (cache revalidated)
281 silly packumentCache full:https://registry.npmjs.org/side-channel set size:24660 disposed:false
282 http fetch GET 200 https://registry.npmjs.org/forwarded 45ms (cache revalidated)
283 silly packumentCache full:https://registry.npmjs.org/forwarded set size:11229 disposed:false
284 http fetch GET 200 https://registry.npmjs.org/path-to-regexp 45ms (cache revalidated)
285 silly packumentCache full:https://registry.npmjs.org/path-to-regexp set size:196503 disposed:false
286 http fetch GET 200 https://registry.npmjs.org/is-promise 133ms (cache miss)
287 silly packumentCache full:https://registry.npmjs.org/is-promise set size:undefined disposed:false
288 silly placeDep ROOT negotiator@1.0.0 OK for: accepts@2.0.0 want: ^1.0.0
289 silly placeDep ROOT bytes@3.1.2 OK for: body-parser@2.2.0 want: ^3.1.2
290 silly placeDep ROOT iconv-lite@0.6.3 OK for: body-parser@2.2.0 want: ^0.6.3
291 silly placeDep ROOT raw-body@3.0.0 OK for: body-parser@2.2.0 want: ^3.0.0
292 silly fetch manifest safer-buffer@>= 2.1.2 < 3.0.0
293 silly packumentCache full:https://registry.npmjs.org/safer-buffer cache-miss
294 silly fetch manifest unpipe@1.0.0
295 silly packumentCache full:https://registry.npmjs.org/unpipe cache-miss
296 http fetch GET 200 https://registry.npmjs.org/safer-buffer 31ms (cache revalidated)
297 silly packumentCache full:https://registry.npmjs.org/safer-buffer set size:18521 disposed:false
298 http fetch GET 200 https://registry.npmjs.org/unpipe 43ms (cache revalidated)
299 silly packumentCache full:https://registry.npmjs.org/unpipe set size:3537 disposed:false
300 silly placeDep ROOT safe-buffer@5.2.1 OK for: content-disposition@1.0.0 want: 5.2.1
301 silly placeDep ROOT ms@2.1.3 OK for: debug@4.4.1 want: ^2.1.3
302 silly placeDep ROOT depd@2.0.0 OK for: http-errors@2.0.0 want: 2.0.0
303 silly placeDep ROOT inherits@2.0.4 OK for: http-errors@2.0.0 want: 2.0.4
304 silly placeDep ROOT setprototypeof@1.2.0 OK for: http-errors@2.0.0 want: 1.2.0
305 silly placeDep node_modules/http-errors statuses@2.0.1 OK for: http-errors@2.0.0 want: 2.0.1
306 silly placeDep ROOT toidentifier@1.0.1 OK for: http-errors@2.0.0 want: 1.0.1
307 silly placeDep ROOT safer-buffer@2.1.2 OK for: iconv-lite@0.6.3 want: >= 2.1.2 < 3.0.0
308 silly placeDep ROOT mime-db@1.54.0 OK for: mime-types@3.0.1 want: ^1.54.0
309 silly fetch manifest @aws-sdk/credential-providers@^3.188.0
310 silly packumentCache full:https://registry.npmjs.org/@aws-sdk%2fcredential-providers cache-miss
311 http fetch GET 200 https://registry.npmjs.org/@aws-sdk%2fcredential-providers 76ms (cache miss)
312 silly packumentCache full:https://registry.npmjs.org/@aws-sdk%2fcredential-providers set size:undefined disposed:false
313 silly fetch manifest @mongodb-js/zstd@^1.1.0 || ^2.0.0
314 silly packumentCache full:https://registry.npmjs.org/@mongodb-js%2fzstd cache-miss
315 http fetch GET 200 https://registry.npmjs.org/@mongodb-js%2fzstd 1251ms (cache miss)
316 silly packumentCache full:https://registry.npmjs.org/@mongodb-js%2fzstd set size:undefined disposed:false
317 silly fetch manifest gcp-metadata@^5.2.0
318 silly packumentCache full:https://registry.npmjs.org/gcp-metadata cache-miss
319 http fetch GET 200 https://registry.npmjs.org/gcp-metadata 45ms (cache miss)
320 silly packumentCache full:https://registry.npmjs.org/gcp-metadata set size:undefined disposed:false
321 silly fetch manifest kerberos@^2.0.1
322 silly packumentCache full:https://registry.npmjs.org/kerberos cache-miss
323 http fetch GET 200 https://registry.npmjs.org/kerberos 495ms (cache miss)
324 silly packumentCache full:https://registry.npmjs.org/kerberos set size:undefined disposed:false
325 silly fetch manifest mongodb-client-encryption@>=6.0.0 <7
326 silly packumentCache full:https://registry.npmjs.org/mongodb-client-encryption cache-miss
327 http fetch GET 200 https://registry.npmjs.org/mongodb-client-encryption 515ms (cache miss)
328 silly packumentCache full:https://registry.npmjs.org/mongodb-client-encryption set size:undefined disposed:false
329 silly fetch manifest snappy@^7.2.2
330 silly packumentCache full:https://registry.npmjs.org/snappy cache-miss
331 http fetch GET 200 https://registry.npmjs.org/snappy 50ms (cache miss)
332 silly packumentCache full:https://registry.npmjs.org/snappy set size:undefined disposed:false
333 silly fetch manifest socks@^2.7.1
334 silly packumentCache full:https://registry.npmjs.org/socks cache-miss
335 http fetch GET 200 https://registry.npmjs.org/socks 93ms (cache miss)
336 silly packumentCache full:https://registry.npmjs.org/socks set size:undefined disposed:false
337 silly placeDep ROOT bson@6.10.4 OK for: mongoose@8.16.4 want: ^6.10.4
338 silly placeDep ROOT kareem@2.6.3 OK for: mongoose@8.16.4 want: 2.6.3
339 silly placeDep ROOT mongodb@6.17.0 OK for: mongoose@8.16.4 want: ~6.17.0
340 silly placeDep ROOT mpath@0.9.0 OK for: mongoose@8.16.4 want: 0.9.0
341 silly placeDep ROOT mquery@5.0.0 OK for: mongoose@8.16.4 want: 5.0.0
342 silly placeDep ROOT sift@17.1.3 OK for: mongoose@8.16.4 want: 17.1.3
343 silly fetch manifest @mongodb-js/saslprep@^1.1.9
344 silly packumentCache full:https://registry.npmjs.org/@mongodb-js%2fsaslprep cache-miss
345 silly fetch manifest mongodb-connection-string-url@^3.0.0
346 silly packumentCache full:https://registry.npmjs.org/mongodb-connection-string-url cache-miss
347 http fetch GET 200 https://registry.npmjs.org/mongodb-connection-string-url 44ms (cache miss)
348 silly packumentCache full:https://registry.npmjs.org/mongodb-connection-string-url set size:undefined disposed:false
349 http fetch GET 200 https://registry.npmjs.org/@mongodb-js%2fsaslprep 380ms (cache miss)
350 silly packumentCache full:https://registry.npmjs.org/@mongodb-js%2fsaslprep set size:undefined disposed:false
351 silly placeDep ROOT @mongodb-js/saslprep@1.3.0 OK for: mongodb@6.17.0 want: ^1.1.9
352 silly placeDep ROOT mongodb-connection-string-url@3.0.2 OK for: mongodb@6.17.0 want: ^3.0.0
353 silly fetch manifest sparse-bitfield@^3.0.3
354 silly packumentCache full:https://registry.npmjs.org/sparse-bitfield cache-miss
355 silly fetch manifest whatwg-url@^14.1.0 || ^13.0.0
356 silly packumentCache full:https://registry.npmjs.org/whatwg-url cache-miss
357 silly fetch manifest @types/whatwg-url@^11.0.2
358 silly packumentCache full:https://registry.npmjs.org/@types%2fwhatwg-url cache-miss
359 http fetch GET 200 https://registry.npmjs.org/sparse-bitfield 39ms (cache miss)
360 silly packumentCache full:https://registry.npmjs.org/sparse-bitfield set size:undefined disposed:false
361 http fetch GET 200 https://registry.npmjs.org/whatwg-url 42ms (cache revalidated)
362 silly packumentCache full:https://registry.npmjs.org/whatwg-url set size:160604 disposed:false
363 http fetch GET 200 https://registry.npmjs.org/@types%2fwhatwg-url 63ms (cache miss)
364 silly packumentCache full:https://registry.npmjs.org/@types%2fwhatwg-url set size:undefined disposed:false
365 silly placeDep ROOT sparse-bitfield@3.0.3 OK for: @mongodb-js/saslprep@1.3.0 want: ^3.0.3
366 silly fetch manifest memory-pager@^1.0.2
367 silly packumentCache full:https://registry.npmjs.org/memory-pager cache-miss
368 http fetch GET 200 https://registry.npmjs.org/memory-pager 40ms (cache miss)
369 silly packumentCache full:https://registry.npmjs.org/memory-pager set size:undefined disposed:false
370 silly placeDep ROOT @types/whatwg-url@11.0.5 OK for: mongodb-connection-string-url@3.0.2 want: ^11.0.2
371 silly placeDep ROOT whatwg-url@14.2.0 OK for: mongodb-connection-string-url@3.0.2 want: ^14.1.0 || ^13.0.0
372 silly fetch manifest @types/webidl-conversions@*
373 silly packumentCache full:https://registry.npmjs.org/@types%2fwebidl-conversions cache-miss
374 silly fetch manifest tr46@^5.1.0
375 silly packumentCache full:https://registry.npmjs.org/tr46 cache-miss
376 silly fetch manifest webidl-conversions@^7.0.0
377 silly packumentCache full:https://registry.npmjs.org/webidl-conversions cache-miss
378 http fetch GET 200 https://registry.npmjs.org/tr46 37ms (cache revalidated)
379 silly packumentCache full:https://registry.npmjs.org/tr46 set size:45265 disposed:false
380 http fetch GET 200 https://registry.npmjs.org/webidl-conversions 37ms (cache revalidated)
381 silly packumentCache full:https://registry.npmjs.org/webidl-conversions set size:41857 disposed:false
382 http fetch GET 200 https://registry.npmjs.org/@types%2fwebidl-conversions 53ms (cache miss)
383 silly packumentCache full:https://registry.npmjs.org/@types%2fwebidl-conversions set size:undefined disposed:false
384 silly placeDep ROOT @types/webidl-conversions@7.0.3 OK for: @types/whatwg-url@11.0.5 want: *
385 silly placeDep ROOT ee-first@1.1.1 OK for: on-finished@2.4.1 want: 1.1.1
386 silly placeDep ROOT wrappy@1.0.2 OK for: once@1.4.0 want: 1
387 silly placeDep ROOT forwarded@0.2.0 OK for: proxy-addr@2.0.7 want: 0.2.0
388 silly placeDep ROOT ipaddr.js@1.9.1 OK for: proxy-addr@2.0.7 want: 1.9.1
389 silly placeDep ROOT side-channel@1.1.0 OK for: qs@6.14.0 want: ^1.1.0
390 silly fetch manifest es-errors@^1.3.0
391 silly packumentCache full:https://registry.npmjs.org/es-errors cache-miss
392 silly fetch manifest object-inspect@^1.13.3
393 silly packumentCache full:https://registry.npmjs.org/object-inspect cache-miss
394 silly fetch manifest side-channel-list@^1.0.0
395 silly packumentCache full:https://registry.npmjs.org/side-channel-list cache-miss
396 silly fetch manifest side-channel-map@^1.0.1
397 silly packumentCache full:https://registry.npmjs.org/side-channel-map cache-miss
398 silly fetch manifest side-channel-weakmap@^1.0.2
399 silly packumentCache full:https://registry.npmjs.org/side-channel-weakmap cache-miss
400 http fetch GET 200 https://registry.npmjs.org/side-channel-map 29ms (cache revalidated)
401 silly packumentCache full:https://registry.npmjs.org/side-channel-map set size:9126 disposed:false
402 http fetch GET 200 https://registry.npmjs.org/es-errors 32ms (cache revalidated)
403 silly packumentCache full:https://registry.npmjs.org/es-errors set size:16918 disposed:false
404 http fetch GET 200 https://registry.npmjs.org/side-channel-list 37ms (cache revalidated)
405 silly packumentCache full:https://registry.npmjs.org/side-channel-list set size:6005 disposed:false
406 http fetch GET 200 https://registry.npmjs.org/side-channel-weakmap 42ms (cache revalidated)
407 silly packumentCache full:https://registry.npmjs.org/side-channel-weakmap set size:12620 disposed:false
408 http fetch GET 200 https://registry.npmjs.org/object-inspect 53ms (cache revalidated)
409 silly packumentCache full:https://registry.npmjs.org/object-inspect set size:101912 disposed:false
410 silly placeDep ROOT unpipe@1.0.0 OK for: raw-body@3.0.0 want: 1.0.0
411 silly placeDep ROOT is-promise@4.0.0 OK for: router@2.2.0 want: ^4.0.0
412 silly placeDep ROOT path-to-regexp@8.2.0 OK for: router@2.2.0 want: ^8.0.0
413 silly placeDep ROOT es-errors@1.3.0 OK for: side-channel@1.1.0 want: ^1.3.0
414 silly placeDep ROOT object-inspect@1.13.4 OK for: side-channel@1.1.0 want: ^1.13.3
415 silly placeDep ROOT side-channel-list@1.0.0 OK for: side-channel@1.1.0 want: ^1.0.0
416 silly placeDep ROOT side-channel-map@1.0.1 OK for: side-channel@1.1.0 want: ^1.0.1
417 silly placeDep ROOT side-channel-weakmap@1.0.2 OK for: side-channel@1.1.0 want: ^1.0.2
418 silly fetch manifest call-bound@^1.0.2
419 silly packumentCache full:https://registry.npmjs.org/call-bound cache-miss
420 silly fetch manifest get-intrinsic@^1.2.5
421 silly packumentCache full:https://registry.npmjs.org/get-intrinsic cache-miss
422 silly fetch manifest call-bound@^1.0.2
423 silly packumentCache full:https://registry.npmjs.org/call-bound cache-miss
424 silly fetch manifest get-intrinsic@^1.2.5
425 silly packumentCache full:https://registry.npmjs.org/get-intrinsic cache-miss
426 http fetch GET 200 https://registry.npmjs.org/call-bound 36ms (cache revalidated)
427 silly packumentCache full:https://registry.npmjs.org/call-bound set size:15317 disposed:false
428 http fetch GET 200 https://registry.npmjs.org/call-bound 37ms (cache revalidated)
429 silly packumentCache full:https://registry.npmjs.org/call-bound set size:15317 disposed:false
430 silly packumentCache full:https://registry.npmjs.org/call-bound dispose
431 http fetch GET 200 https://registry.npmjs.org/get-intrinsic 38ms (cache revalidated)
432 silly packumentCache full:https://registry.npmjs.org/get-intrinsic set size:57687 disposed:false
433 http fetch GET 200 https://registry.npmjs.org/get-intrinsic 51ms (cache revalidated)
434 silly packumentCache full:https://registry.npmjs.org/get-intrinsic set size:57687 disposed:false
435 silly packumentCache full:https://registry.npmjs.org/get-intrinsic dispose
436 silly placeDep ROOT call-bound@1.0.4 OK for: side-channel-map@1.0.1 want: ^1.0.2
437 silly placeDep ROOT get-intrinsic@1.3.0 OK for: side-channel-map@1.0.1 want: ^1.2.5
438 silly fetch manifest call-bind-apply-helpers@^1.0.2
439 silly packumentCache full:https://registry.npmjs.org/call-bind-apply-helpers cache-miss
440 silly fetch manifest get-intrinsic@^1.3.0
441 silly packumentCache full:https://registry.npmjs.org/get-intrinsic cache-hit
442 silly fetch manifest call-bind-apply-helpers@^1.0.2
443 silly packumentCache full:https://registry.npmjs.org/call-bind-apply-helpers cache-miss
444 silly fetch manifest es-define-property@^1.0.1
445 silly packumentCache full:https://registry.npmjs.org/es-define-property cache-miss
446 silly fetch manifest es-object-atoms@^1.1.1
447 silly packumentCache full:https://registry.npmjs.org/es-object-atoms cache-miss
448 silly fetch manifest function-bind@^1.1.2
449 silly packumentCache full:https://registry.npmjs.org/function-bind cache-miss
450 silly fetch manifest get-proto@^1.0.1
451 silly packumentCache full:https://registry.npmjs.org/get-proto cache-miss
452 silly fetch manifest gopd@^1.2.0
453 silly packumentCache full:https://registry.npmjs.org/gopd cache-miss
454 silly fetch manifest has-symbols@^1.1.0
455 silly packumentCache full:https://registry.npmjs.org/has-symbols cache-miss
456 silly fetch manifest hasown@^2.0.2
457 silly packumentCache full:https://registry.npmjs.org/hasown cache-miss
458 http fetch GET 200 https://registry.npmjs.org/call-bind-apply-helpers 30ms (cache revalidated)
459 silly packumentCache full:https://registry.npmjs.org/call-bind-apply-helpers set size:12744 disposed:false
460 silly fetch manifest math-intrinsics@^1.1.0
461 silly packumentCache full:https://registry.npmjs.org/math-intrinsics cache-miss
462 http fetch GET 200 https://registry.npmjs.org/function-bind 31ms (cache revalidated)
463 silly packumentCache full:https://registry.npmjs.org/function-bind set size:15733 disposed:false
464 http fetch GET 200 https://registry.npmjs.org/call-bind-apply-helpers 32ms (cache revalidated)
465 silly packumentCache full:https://registry.npmjs.org/call-bind-apply-helpers set size:12744 disposed:false
466 silly packumentCache full:https://registry.npmjs.org/call-bind-apply-helpers dispose
467 http fetch GET 200 https://registry.npmjs.org/es-object-atoms 33ms (cache revalidated)
468 silly packumentCache full:https://registry.npmjs.org/es-object-atoms set size:15304 disposed:false
469 http fetch GET 200 https://registry.npmjs.org/has-symbols 35ms (cache revalidated)
470 silly packumentCache full:https://registry.npmjs.org/has-symbols set size:21550 disposed:false
471 http fetch GET 200 https://registry.npmjs.org/hasown 37ms (cache revalidated)
472 silly packumentCache full:https://registry.npmjs.org/hasown set size:12476 disposed:false
473 http fetch GET 200 https://registry.npmjs.org/gopd 38ms (cache revalidated)
474 silly packumentCache full:https://registry.npmjs.org/gopd set size:11458 disposed:false
475 http fetch GET 200 https://registry.npmjs.org/get-proto 39ms (cache revalidated)
476 silly packumentCache full:https://registry.npmjs.org/get-proto set size:8300 disposed:false
477 http fetch GET 200 https://registry.npmjs.org/es-define-property 56ms (cache revalidated)
478 silly packumentCache full:https://registry.npmjs.org/es-define-property set size:8542 disposed:false
479 http fetch GET 200 https://registry.npmjs.org/math-intrinsics 40ms (cache revalidated)
480 silly packumentCache full:https://registry.npmjs.org/math-intrinsics set size:9265 disposed:false
481 silly placeDep ROOT call-bind-apply-helpers@1.0.2 OK for: call-bound@1.0.4 want: ^1.0.2
482 silly placeDep ROOT function-bind@1.1.2 OK for: call-bind-apply-helpers@1.0.2 want: ^1.1.2
483 silly placeDep ROOT es-define-property@1.0.1 OK for: get-intrinsic@1.3.0 want: ^1.0.1
484 silly placeDep ROOT es-object-atoms@1.1.1 OK for: get-intrinsic@1.3.0 want: ^1.1.1
485 silly placeDep ROOT get-proto@1.0.1 OK for: get-intrinsic@1.3.0 want: ^1.0.1
486 silly placeDep ROOT gopd@1.2.0 OK for: get-intrinsic@1.3.0 want: ^1.2.0
487 silly placeDep ROOT has-symbols@1.1.0 OK for: get-intrinsic@1.3.0 want: ^1.1.0
488 silly placeDep ROOT hasown@2.0.2 OK for: get-intrinsic@1.3.0 want: ^2.0.2
489 silly placeDep ROOT math-intrinsics@1.1.0 OK for: get-intrinsic@1.3.0 want: ^1.1.0
490 silly fetch manifest dunder-proto@^1.0.1
491 silly packumentCache full:https://registry.npmjs.org/dunder-proto cache-miss
492 http fetch GET 200 https://registry.npmjs.org/dunder-proto 37ms (cache revalidated)
493 silly packumentCache full:https://registry.npmjs.org/dunder-proto set size:8256 disposed:false
494 silly placeDep ROOT dunder-proto@1.0.1 OK for: get-proto@1.0.1 want: ^1.0.1
495 silly placeDep ROOT memory-pager@1.5.0 OK for: sparse-bitfield@3.0.3 want: ^1.0.2
496 silly placeDep ROOT media-typer@1.1.0 OK for: type-is@2.0.1 want: ^1.1.0
497 silly placeDep ROOT tr46@5.1.1 OK for: whatwg-url@14.2.0 want: ^5.1.0
498 silly placeDep ROOT webidl-conversions@7.0.0 OK for: whatwg-url@14.2.0 want: ^7.0.0
499 silly fetch manifest punycode@^2.3.1
500 silly packumentCache full:https://registry.npmjs.org/punycode cache-miss
501 http fetch GET 200 https://registry.npmjs.org/punycode 31ms (cache revalidated)
502 silly packumentCache full:https://registry.npmjs.org/punycode set size:61302 disposed:false
503 silly placeDep ROOT punycode@2.3.1 OK for: tr46@5.1.1 want: ^2.3.1
504 silly reify moves {}
505 silly audit bulk request {
505 silly audit   cors: [ '2.8.5' ],
505 silly audit   dotenv: [ '17.2.0' ],
505 silly audit   express: [ '5.1.0' ],
505 silly audit   mongoose: [ '8.16.4' ],
505 silly audit   'object-assign': [ '4.1.1' ],
505 silly audit   vary: [ '1.1.2' ],
505 silly audit   accepts: [ '2.0.0' ],
505 silly audit   'body-parser': [ '2.2.0' ],
505 silly audit   'content-disposition': [ '1.0.0' ],
505 silly audit   'content-type': [ '1.0.5' ],
505 silly audit   cookie: [ '0.7.2' ],
505 silly audit   'cookie-signature': [ '1.2.2' ],
505 silly audit   debug: [ '4.4.1' ],
505 silly audit   encodeurl: [ '2.0.0' ],
505 silly audit   'escape-html': [ '1.0.3' ],
505 silly audit   etag: [ '1.8.1' ],
505 silly audit   finalhandler: [ '2.1.0' ],
505 silly audit   fresh: [ '2.0.0' ],
505 silly audit   'http-errors': [ '2.0.0' ],
505 silly audit   'merge-descriptors': [ '2.0.0' ],
505 silly audit   'mime-types': [ '3.0.1' ],
505 silly audit   'on-finished': [ '2.4.1' ],
505 silly audit   once: [ '1.4.0' ],
505 silly audit   parseurl: [ '1.3.3' ],
505 silly audit   'proxy-addr': [ '2.0.7' ],
505 silly audit   qs: [ '6.14.0' ],
505 silly audit   'range-parser': [ '1.2.1' ],
505 silly audit   router: [ '2.2.0' ],
505 silly audit   send: [ '1.2.0' ],
505 silly audit   'serve-static': [ '2.2.0' ],
505 silly audit   statuses: [ '2.0.2', '2.0.1' ],
505 silly audit   'type-is': [ '2.0.1' ],
505 silly audit   negotiator: [ '1.0.0' ],
505 silly audit   bytes: [ '3.1.2' ],
505 silly audit   'iconv-lite': [ '0.6.3' ],
505 silly audit   'raw-body': [ '3.0.0' ],
505 silly audit   'safe-buffer': [ '5.2.1' ],
505 silly audit   ms: [ '2.1.3' ],
505 silly audit   depd: [ '2.0.0' ],
505 silly audit   inherits: [ '2.0.4' ],
505 silly audit   setprototypeof: [ '1.2.0' ],
505 silly audit   toidentifier: [ '1.0.1' ],
505 silly audit   'safer-buffer': [ '2.1.2' ],
505 silly audit   'mime-db': [ '1.54.0' ],
505 silly audit   bson: [ '6.10.4' ],
505 silly audit   kareem: [ '2.6.3' ],
505 silly audit   mongodb: [ '6.17.0' ],
505 silly audit   mpath: [ '0.9.0' ],
505 silly audit   mquery: [ '5.0.0' ],
505 silly audit   sift: [ '17.1.3' ],
505 silly audit   '@mongodb-js/saslprep': [ '1.3.0' ],
505 silly audit   'mongodb-connection-string-url': [ '3.0.2' ],
505 silly audit   'sparse-bitfield': [ '3.0.3' ],
505 silly audit   '@types/whatwg-url': [ '11.0.5' ],
505 silly audit   'whatwg-url': [ '14.2.0' ],
505 silly audit   '@types/webidl-conversions': [ '7.0.3' ],
505 silly audit   'ee-first': [ '1.1.1' ],
505 silly audit   wrappy: [ '1.0.2' ],
505 silly audit   forwarded: [ '0.2.0' ],
505 silly audit   'ipaddr.js': [ '1.9.1' ],
505 silly audit   'side-channel': [ '1.1.0' ],
505 silly audit   unpipe: [ '1.0.0' ],
505 silly audit   'is-promise': [ '4.0.0' ],
505 silly audit   'path-to-regexp': [ '8.2.0' ],
505 silly audit   'es-errors': [ '1.3.0' ],
505 silly audit   'object-inspect': [ '1.13.4' ],
505 silly audit   'side-channel-list': [ '1.0.0' ],
505 silly audit   'side-channel-map': [ '1.0.1' ],
505 silly audit   'side-channel-weakmap': [ '1.0.2' ],
505 silly audit   'call-bound': [ '1.0.4' ],
505 silly audit   'get-intrinsic': [ '1.3.0' ],
505 silly audit   'call-bind-apply-helpers': [ '1.0.2' ],
505 silly audit   'function-bind': [ '1.1.2' ],
505 silly audit   'es-define-property': [ '1.0.1' ],
505 silly audit   'es-object-atoms': [ '1.1.1' ],
505 silly audit   'get-proto': [ '1.0.1' ],
505 silly audit   gopd: [ '1.2.0' ],
505 silly audit   'has-symbols': [ '1.1.0' ],
505 silly audit   hasown: [ '2.0.2' ],
505 silly audit   'math-intrinsics': [ '1.1.0' ],
505 silly audit   'dunder-proto': [ '1.0.1' ],
505 silly audit   'memory-pager': [ '1.5.0' ],
505 silly audit   'media-typer': [ '1.1.0' ],
505 silly audit   tr46: [ '5.1.1' ],
505 silly audit   'webidl-conversions': [ '7.0.0' ],
505 silly audit   punycode: [ '2.3.1' ]
505 silly audit }
506 http cache punycode@https://registry.npmjs.org/punycode/-/punycode-2.3.1.tgz 0ms (cache hit)
507 http cache webidl-conversions@https://registry.npmjs.org/webidl-conversions/-/webidl-conversions-7.0.0.tgz 0ms (cache hit)
508 http cache tr46@https://registry.npmjs.org/tr46/-/tr46-5.1.1.tgz 0ms (cache hit)
509 http cache media-typer@https://registry.npmjs.org/media-typer/-/media-typer-1.1.0.tgz 0ms (cache hit)
510 http cache memory-pager@https://registry.npmjs.org/memory-pager/-/memory-pager-1.5.0.tgz 0ms (cache hit)
511 http cache dunder-proto@https://registry.npmjs.org/dunder-proto/-/dunder-proto-1.0.1.tgz 0ms (cache hit)
512 http cache math-intrinsics@https://registry.npmjs.org/math-intrinsics/-/math-intrinsics-1.1.0.tgz 0ms (cache hit)
513 http cache hasown@https://registry.npmjs.org/hasown/-/hasown-2.0.2.tgz 0ms (cache hit)
514 http cache has-symbols@https://registry.npmjs.org/has-symbols/-/has-symbols-1.1.0.tgz 0ms (cache hit)
515 http cache gopd@https://registry.npmjs.org/gopd/-/gopd-1.2.0.tgz 0ms (cache hit)
516 http cache get-proto@https://registry.npmjs.org/get-proto/-/get-proto-1.0.1.tgz 0ms (cache hit)
517 http cache es-object-atoms@https://registry.npmjs.org/es-object-atoms/-/es-object-atoms-1.1.1.tgz 0ms (cache hit)
518 http cache es-define-property@https://registry.npmjs.org/es-define-property/-/es-define-property-1.0.1.tgz 0ms (cache hit)
519 http cache function-bind@https://registry.npmjs.org/function-bind/-/function-bind-1.1.2.tgz 0ms (cache hit)
520 http cache call-bind-apply-helpers@https://registry.npmjs.org/call-bind-apply-helpers/-/call-bind-apply-helpers-1.0.2.tgz 0ms (cache hit)
521 http cache get-intrinsic@https://registry.npmjs.org/get-intrinsic/-/get-intrinsic-1.3.0.tgz 0ms (cache hit)
522 http cache call-bound@https://registry.npmjs.org/call-bound/-/call-bound-1.0.4.tgz 0ms (cache hit)
523 http cache side-channel-weakmap@https://registry.npmjs.org/side-channel-weakmap/-/side-channel-weakmap-1.0.2.tgz 0ms (cache hit)
524 http cache side-channel-list@https://registry.npmjs.org/side-channel-list/-/side-channel-list-1.0.0.tgz 0ms (cache hit)
525 http cache object-inspect@https://registry.npmjs.org/object-inspect/-/object-inspect-1.13.4.tgz 0ms (cache hit)
526 http cache side-channel-map@https://registry.npmjs.org/side-channel-map/-/side-channel-map-1.0.1.tgz 0ms (cache hit)
527 http cache es-errors@https://registry.npmjs.org/es-errors/-/es-errors-1.3.0.tgz 0ms (cache hit)
528 http cache path-to-regexp@https://registry.npmjs.org/path-to-regexp/-/path-to-regexp-8.2.0.tgz 0ms (cache hit)
529 http cache is-promise@https://registry.npmjs.org/is-promise/-/is-promise-4.0.0.tgz 0ms (cache hit)
530 http cache unpipe@https://registry.npmjs.org/unpipe/-/unpipe-1.0.0.tgz 0ms (cache hit)
531 http cache side-channel@https://registry.npmjs.org/side-channel/-/side-channel-1.1.0.tgz 0ms (cache hit)
532 http cache forwarded@https://registry.npmjs.org/forwarded/-/forwarded-0.2.0.tgz 0ms (cache hit)
533 http cache wrappy@https://registry.npmjs.org/wrappy/-/wrappy-1.0.2.tgz 0ms (cache hit)
534 http cache ipaddr.js@https://registry.npmjs.org/ipaddr.js/-/ipaddr.js-1.9.1.tgz 0ms (cache hit)
535 http cache ee-first@https://registry.npmjs.org/ee-first/-/ee-first-1.1.1.tgz 0ms (cache hit)
536 http cache whatwg-url@https://registry.npmjs.org/whatwg-url/-/whatwg-url-14.2.0.tgz 0ms (cache hit)
537 http cache @types/webidl-conversions@https://registry.npmjs.org/@types/webidl-conversions/-/webidl-conversions-7.0.3.tgz 0ms (cache hit)
538 http cache @types/whatwg-url@https://registry.npmjs.org/@types/whatwg-url/-/whatwg-url-11.0.5.tgz 0ms (cache hit)
539 http cache sparse-bitfield@https://registry.npmjs.org/sparse-bitfield/-/sparse-bitfield-3.0.3.tgz 0ms (cache hit)
540 http cache mongodb-connection-string-url@https://registry.npmjs.org/mongodb-connection-string-url/-/mongodb-connection-string-url-3.0.2.tgz 0ms (cache hit)
541 http cache @mongodb-js/saslprep@https://registry.npmjs.org/@mongodb-js/saslprep/-/saslprep-1.3.0.tgz 0ms (cache hit)
542 http cache sift@https://registry.npmjs.org/sift/-/sift-17.1.3.tgz 0ms (cache hit)
543 http cache mquery@https://registry.npmjs.org/mquery/-/mquery-5.0.0.tgz 0ms (cache hit)
544 http cache mongodb@https://registry.npmjs.org/mongodb/-/mongodb-6.17.0.tgz 0ms (cache hit)
545 http cache kareem@https://registry.npmjs.org/kareem/-/kareem-2.6.3.tgz 0ms (cache hit)
546 http cache mime-db@https://registry.npmjs.org/mime-db/-/mime-db-1.54.0.tgz 0ms (cache hit)
547 http cache bson@https://registry.npmjs.org/bson/-/bson-6.10.4.tgz 0ms (cache hit)
548 http cache safer-buffer@https://registry.npmjs.org/safer-buffer/-/safer-buffer-2.1.2.tgz 0ms (cache hit)
549 http cache toidentifier@https://registry.npmjs.org/toidentifier/-/toidentifier-1.0.1.tgz 0ms (cache hit)
550 http cache setprototypeof@https://registry.npmjs.org/setprototypeof/-/setprototypeof-1.2.0.tgz 0ms (cache hit)
551 http cache inherits@https://registry.npmjs.org/inherits/-/inherits-2.0.4.tgz 0ms (cache hit)
552 http cache depd@https://registry.npmjs.org/depd/-/depd-2.0.0.tgz 0ms (cache hit)
553 http cache safe-buffer@https://registry.npmjs.org/safe-buffer/-/safe-buffer-5.2.1.tgz 0ms (cache hit)
554 http cache ms@https://registry.npmjs.org/ms/-/ms-2.1.3.tgz 0ms (cache hit)
555 http cache raw-body@https://registry.npmjs.org/raw-body/-/raw-body-3.0.0.tgz 0ms (cache hit)
556 http cache iconv-lite@https://registry.npmjs.org/iconv-lite/-/iconv-lite-0.6.3.tgz 0ms (cache hit)
557 http cache negotiator@https://registry.npmjs.org/negotiator/-/negotiator-1.0.0.tgz 0ms (cache hit)
558 http cache bytes@https://registry.npmjs.org/bytes/-/bytes-3.1.2.tgz 0ms (cache hit)
559 http cache serve-static@https://registry.npmjs.org/serve-static/-/serve-static-2.2.0.tgz 0ms (cache hit)
560 http cache statuses@https://registry.npmjs.org/statuses/-/statuses-2.0.2.tgz 0ms (cache hit)
561 http cache type-is@https://registry.npmjs.org/type-is/-/type-is-2.0.1.tgz 0ms (cache hit)
562 http cache router@https://registry.npmjs.org/router/-/router-2.2.0.tgz 0ms (cache hit)
563 http cache send@https://registry.npmjs.org/send/-/send-1.2.0.tgz 0ms (cache hit)
564 http cache range-parser@https://registry.npmjs.org/range-parser/-/range-parser-1.2.1.tgz 0ms (cache hit)
565 http cache qs@https://registry.npmjs.org/qs/-/qs-6.14.0.tgz 0ms (cache hit)
566 http cache proxy-addr@https://registry.npmjs.org/proxy-addr/-/proxy-addr-2.0.7.tgz 0ms (cache hit)
567 http cache parseurl@https://registry.npmjs.org/parseurl/-/parseurl-1.3.3.tgz 0ms (cache hit)
568 http cache once@https://registry.npmjs.org/once/-/once-1.4.0.tgz 0ms (cache hit)
569 http cache on-finished@https://registry.npmjs.org/on-finished/-/on-finished-2.4.1.tgz 0ms (cache hit)
570 http cache mime-types@https://registry.npmjs.org/mime-types/-/mime-types-3.0.1.tgz 0ms (cache hit)
571 http cache merge-descriptors@https://registry.npmjs.org/merge-descriptors/-/merge-descriptors-2.0.0.tgz 0ms (cache hit)
572 http cache mpath@https://registry.npmjs.org/mpath/-/mpath-0.9.0.tgz 0ms (cache hit)
573 http cache http-errors@https://registry.npmjs.org/http-errors/-/http-errors-2.0.0.tgz 0ms (cache hit)
574 http cache etag@https://registry.npmjs.org/etag/-/etag-1.8.1.tgz 0ms (cache hit)
575 http cache escape-html@https://registry.npmjs.org/escape-html/-/escape-html-1.0.3.tgz 0ms (cache hit)
576 http cache encodeurl@https://registry.npmjs.org/encodeurl/-/encodeurl-2.0.0.tgz 0ms (cache hit)
577 http cache finalhandler@https://registry.npmjs.org/finalhandler/-/finalhandler-2.1.0.tgz 0ms (cache hit)
578 http cache fresh@https://registry.npmjs.org/fresh/-/fresh-2.0.0.tgz 0ms (cache hit)
579 http cache debug@https://registry.npmjs.org/debug/-/debug-4.4.1.tgz 0ms (cache hit)
580 http cache cookie-signature@https://registry.npmjs.org/cookie-signature/-/cookie-signature-1.2.2.tgz 0ms (cache hit)
581 http cache content-type@https://registry.npmjs.org/content-type/-/content-type-1.0.5.tgz 0ms (cache hit)
582 http cache cookie@https://registry.npmjs.org/cookie/-/cookie-0.7.2.tgz 0ms (cache hit)
583 http cache content-disposition@https://registry.npmjs.org/content-disposition/-/content-disposition-1.0.0.tgz 0ms (cache hit)
584 http cache body-parser@https://registry.npmjs.org/body-parser/-/body-parser-2.2.0.tgz 0ms (cache hit)
585 http cache accepts@https://registry.npmjs.org/accepts/-/accepts-2.0.0.tgz 0ms (cache hit)
586 http cache object-assign@https://registry.npmjs.org/object-assign/-/object-assign-4.1.1.tgz 0ms (cache hit)
587 http cache vary@https://registry.npmjs.org/vary/-/vary-1.1.2.tgz 0ms (cache hit)
588 http cache mongoose@https://registry.npmjs.org/mongoose/-/mongoose-8.16.4.tgz 0ms (cache hit)
589 http cache express@https://registry.npmjs.org/express/-/express-5.1.0.tgz 0ms (cache hit)
590 http cache dotenv@https://registry.npmjs.org/dotenv/-/dotenv-17.2.0.tgz 0ms (cache hit)
591 http cache cors@https://registry.npmjs.org/cors/-/cors-2.8.5.tgz 0ms (cache hit)
592 http cache statuses@https://registry.npmjs.org/statuses/-/statuses-2.0.1.tgz 0ms (cache hit)
593 silly tarball no local data for tr46@https://registry.npmjs.org/tr46/-/tr46-5.1.1.tgz. Extracting by manifest.
594 silly tarball no local data for webidl-conversions@https://registry.npmjs.org/webidl-conversions/-/webidl-conversions-7.0.0.tgz. Extracting by manifest.
595 silly tarball no local data for memory-pager@https://registry.npmjs.org/memory-pager/-/memory-pager-1.5.0.tgz. Extracting by manifest.
596 silly tarball no local data for media-typer@https://registry.npmjs.org/media-typer/-/media-typer-1.1.0.tgz. Extracting by manifest.
597 silly tarball no local data for path-to-regexp@https://registry.npmjs.org/path-to-regexp/-/path-to-regexp-8.2.0.tgz. Extracting by manifest.
598 silly tarball no local data for is-promise@https://registry.npmjs.org/is-promise/-/is-promise-4.0.0.tgz. Extracting by manifest.
599 silly tarball no local data for whatwg-url@https://registry.npmjs.org/whatwg-url/-/whatwg-url-14.2.0.tgz. Extracting by manifest.
600 silly tarball no local data for sparse-bitfield@https://registry.npmjs.org/sparse-bitfield/-/sparse-bitfield-3.0.3.tgz. Extracting by manifest.
601 silly tarball no local data for mongodb-connection-string-url@https://registry.npmjs.org/mongodb-connection-string-url/-/mongodb-connection-string-url-3.0.2.tgz. Extracting by manifest.
602 silly tarball no local data for @types/webidl-conversions@https://registry.npmjs.org/@types/webidl-conversions/-/webidl-conversions-7.0.3.tgz. Extracting by manifest.
603 silly tarball no local data for @mongodb-js/saslprep@https://registry.npmjs.org/@mongodb-js/saslprep/-/saslprep-1.3.0.tgz. Extracting by manifest.
604 silly tarball no local data for @types/whatwg-url@https://registry.npmjs.org/@types/whatwg-url/-/whatwg-url-11.0.5.tgz. Extracting by manifest.
605 silly tarball no local data for kareem@https://registry.npmjs.org/kareem/-/kareem-2.6.3.tgz. Extracting by manifest.
606 silly tarball no local data for mquery@https://registry.npmjs.org/mquery/-/mquery-5.0.0.tgz. Extracting by manifest.
607 silly tarball no local data for mime-db@https://registry.npmjs.org/mime-db/-/mime-db-1.54.0.tgz. Extracting by manifest.
608 silly tarball no local data for mongodb@https://registry.npmjs.org/mongodb/-/mongodb-6.17.0.tgz. Extracting by manifest.
609 silly tarball no local data for sift@https://registry.npmjs.org/sift/-/sift-17.1.3.tgz. Extracting by manifest.
610 silly tarball no local data for bson@https://registry.npmjs.org/bson/-/bson-6.10.4.tgz. Extracting by manifest.
611 silly tarball no local data for raw-body@https://registry.npmjs.org/raw-body/-/raw-body-3.0.0.tgz. Extracting by manifest.
612 silly tarball no local data for negotiator@https://registry.npmjs.org/negotiator/-/negotiator-1.0.0.tgz. Extracting by manifest.
613 silly tarball no local data for serve-static@https://registry.npmjs.org/serve-static/-/serve-static-2.2.0.tgz. Extracting by manifest.
614 silly tarball no local data for statuses@https://registry.npmjs.org/statuses/-/statuses-2.0.2.tgz. Extracting by manifest.
615 silly tarball no local data for send@https://registry.npmjs.org/send/-/send-1.2.0.tgz. Extracting by manifest.
616 silly tarball no local data for type-is@https://registry.npmjs.org/type-is/-/type-is-2.0.1.tgz. Extracting by manifest.
617 silly tarball no local data for qs@https://registry.npmjs.org/qs/-/qs-6.14.0.tgz. Extracting by manifest.
618 silly tarball no local data for router@https://registry.npmjs.org/router/-/router-2.2.0.tgz. Extracting by manifest.
619 silly tarball no local data for merge-descriptors@https://registry.npmjs.org/merge-descriptors/-/merge-descriptors-2.0.0.tgz. Extracting by manifest.
620 silly tarball no local data for mpath@https://registry.npmjs.org/mpath/-/mpath-0.9.0.tgz. Extracting by manifest.
621 silly tarball no local data for mime-types@https://registry.npmjs.org/mime-types/-/mime-types-3.0.1.tgz. Extracting by manifest.
622 silly tarball no local data for finalhandler@https://registry.npmjs.org/finalhandler/-/finalhandler-2.1.0.tgz. Extracting by manifest.
623 silly tarball no local data for fresh@https://registry.npmjs.org/fresh/-/fresh-2.0.0.tgz. Extracting by manifest.
624 silly tarball no local data for cookie@https://registry.npmjs.org/cookie/-/cookie-0.7.2.tgz. Extracting by manifest.
625 silly tarball no local data for content-disposition@https://registry.npmjs.org/content-disposition/-/content-disposition-1.0.0.tgz. Extracting by manifest.
626 silly tarball no local data for body-parser@https://registry.npmjs.org/body-parser/-/body-parser-2.2.0.tgz. Extracting by manifest.
627 silly tarball no local data for accepts@https://registry.npmjs.org/accepts/-/accepts-2.0.0.tgz. Extracting by manifest.
628 silly tarball no local data for cookie-signature@https://registry.npmjs.org/cookie-signature/-/cookie-signature-1.2.2.tgz. Extracting by manifest.
629 silly tarball no local data for express@https://registry.npmjs.org/express/-/express-5.1.0.tgz. Extracting by manifest.
630 silly tarball no local data for mongoose@https://registry.npmjs.org/mongoose/-/mongoose-8.16.4.tgz. Extracting by manifest.
631 silly tarball no local data for dotenv@https://registry.npmjs.org/dotenv/-/dotenv-17.2.0.tgz. Extracting by manifest.
632 silly tarball no local data for cors@https://registry.npmjs.org/cors/-/cors-2.8.5.tgz. Extracting by manifest.
633 http fetch GET 200 https://registry.npmjs.org/is-promise/-/is-promise-4.0.0.tgz 57ms (cache miss)
634 http fetch GET 200 https://registry.npmjs.org/sparse-bitfield/-/sparse-bitfield-3.0.3.tgz 57ms (cache miss)
635 http fetch GET 200 https://registry.npmjs.org/media-typer/-/media-typer-1.1.0.tgz 60ms (cache miss)
636 http fetch GET 200 https://registry.npmjs.org/memory-pager/-/memory-pager-1.5.0.tgz 60ms (cache miss)
637 http fetch GET 200 https://registry.npmjs.org/webidl-conversions/-/webidl-conversions-7.0.0.tgz 61ms (cache miss)
638 http fetch GET 200 https://registry.npmjs.org/whatwg-url/-/whatwg-url-14.2.0.tgz 63ms (cache miss)
639 http fetch GET 200 https://registry.npmjs.org/tr46/-/tr46-5.1.1.tgz 65ms (cache miss)
640 http fetch GET 200 https://registry.npmjs.org/mime-db/-/mime-db-1.54.0.tgz 64ms (cache miss)
641 http fetch GET 200 https://registry.npmjs.org/negotiator/-/negotiator-1.0.0.tgz 87ms (cache miss)
642 http fetch GET 200 https://registry.npmjs.org/raw-body/-/raw-body-3.0.0.tgz 89ms (cache miss)
643 http fetch GET 200 https://registry.npmjs.org/sift/-/sift-17.1.3.tgz 90ms (cache miss)
644 http fetch GET 200 https://registry.npmjs.org/serve-static/-/serve-static-2.2.0.tgz 98ms (cache miss)
645 http fetch GET 200 https://registry.npmjs.org/kareem/-/kareem-2.6.3.tgz 106ms (cache miss)
646 http fetch GET 200 https://registry.npmjs.org/@types/webidl-conversions/-/webidl-conversions-7.0.3.tgz 106ms (cache miss)
647 http fetch GET 200 https://registry.npmjs.org/send/-/send-1.2.0.tgz 105ms (cache miss)
648 http fetch GET 200 https://registry.npmjs.org/mongodb-connection-string-url/-/mongodb-connection-string-url-3.0.2.tgz 110ms (cache miss)
649 http fetch GET 200 https://registry.npmjs.org/bson/-/bson-6.10.4.tgz 118ms (cache miss)
650 http fetch GET 200 https://registry.npmjs.org/path-to-regexp/-/path-to-regexp-8.2.0.tgz 121ms (cache miss)
651 http fetch GET 200 https://registry.npmjs.org/@types/whatwg-url/-/whatwg-url-11.0.5.tgz 120ms (cache miss)
652 http fetch GET 200 https://registry.npmjs.org/statuses/-/statuses-2.0.2.tgz 128ms (cache miss)
653 http fetch GET 200 https://registry.npmjs.org/@mongodb-js/saslprep/-/saslprep-1.3.0.tgz 129ms (cache miss)
654 http fetch GET 200 https://registry.npmjs.org/type-is/-/type-is-2.0.1.tgz 128ms (cache miss)
655 http fetch GET 200 https://registry.npmjs.org/merge-descriptors/-/merge-descriptors-2.0.0.tgz 130ms (cache miss)
656 http fetch GET 200 https://registry.npmjs.org/mime-types/-/mime-types-3.0.1.tgz 134ms (cache miss)
657 http fetch GET 200 https://registry.npmjs.org/mpath/-/mpath-0.9.0.tgz 135ms (cache miss)
658 http fetch GET 200 https://registry.npmjs.org/qs/-/qs-6.14.0.tgz 135ms (cache miss)
659 http fetch GET 200 https://registry.npmjs.org/fresh/-/fresh-2.0.0.tgz 145ms (cache miss)
660 http fetch GET 200 https://registry.npmjs.org/router/-/router-2.2.0.tgz 145ms (cache miss)
661 http fetch GET 200 https://registry.npmjs.org/finalhandler/-/finalhandler-2.1.0.tgz 148ms (cache miss)
662 http fetch GET 200 https://registry.npmjs.org/mquery/-/mquery-5.0.0.tgz 149ms (cache miss)
663 http fetch GET 200 https://registry.npmjs.org/accepts/-/accepts-2.0.0.tgz 151ms (cache miss)
664 http fetch GET 200 https://registry.npmjs.org/content-disposition/-/content-disposition-1.0.0.tgz 156ms (cache miss)
665 http fetch GET 200 https://registry.npmjs.org/body-parser/-/body-parser-2.2.0.tgz 159ms (cache miss)
666 http fetch GET 200 https://registry.npmjs.org/cookie-signature/-/cookie-signature-1.2.2.tgz 163ms (cache miss)
667 http fetch GET 200 https://registry.npmjs.org/dotenv/-/dotenv-17.2.0.tgz 162ms (cache miss)
668 http fetch GET 200 https://registry.npmjs.org/cors/-/cors-2.8.5.tgz 166ms (cache miss)
669 http fetch GET 200 https://registry.npmjs.org/mongodb/-/mongodb-6.17.0.tgz 170ms (cache miss)
670 http fetch GET 200 https://registry.npmjs.org/express/-/express-5.1.0.tgz 168ms (cache miss)
671 http fetch POST 200 https://registry.npmjs.org/-/npm/v1/security/advisories/bulk 209ms
672 silly audit report {}
673 http fetch GET 200 https://registry.npmjs.org/cookie/-/cookie-0.7.2.tgz 196ms (cache miss)
674 http fetch GET 200 https://registry.npmjs.org/mongoose/-/mongoose-8.16.4.tgz 209ms (cache miss)
675 silly ADD node_modules/punycode
676 silly ADD node_modules/webidl-conversions
677 silly ADD node_modules/tr46
678 silly ADD node_modules/media-typer
679 silly ADD node_modules/memory-pager
680 silly ADD node_modules/dunder-proto
681 silly ADD node_modules/math-intrinsics
682 silly ADD node_modules/hasown
683 silly ADD node_modules/has-symbols
684 silly ADD node_modules/gopd
685 silly ADD node_modules/get-proto
686 silly ADD node_modules/es-object-atoms
687 silly ADD node_modules/es-define-property
688 silly ADD node_modules/function-bind
689 silly ADD node_modules/call-bind-apply-helpers
690 silly ADD node_modules/get-intrinsic
691 silly ADD node_modules/call-bound
692 silly ADD node_modules/side-channel-weakmap
693 silly ADD node_modules/side-channel-map
694 silly ADD node_modules/side-channel-list
695 silly ADD node_modules/object-inspect
696 silly ADD node_modules/es-errors
697 silly ADD node_modules/path-to-regexp
698 silly ADD node_modules/is-promise
699 silly ADD node_modules/unpipe
700 silly ADD node_modules/side-channel
701 silly ADD node_modules/ipaddr.js
702 silly ADD node_modules/forwarded
703 silly ADD node_modules/wrappy
704 silly ADD node_modules/ee-first
705 silly ADD node_modules/@types/webidl-conversions
706 silly ADD node_modules/whatwg-url
707 silly ADD node_modules/@types/whatwg-url
708 silly ADD node_modules/sparse-bitfield
709 silly ADD node_modules/mongodb-connection-string-url
710 silly ADD node_modules/@mongodb-js/saslprep
711 silly ADD node_modules/sift
712 silly ADD node_modules/mquery
713 silly ADD node_modules/mpath
714 silly ADD node_modules/mongodb
715 silly ADD node_modules/kareem
716 silly ADD node_modules/bson
717 silly ADD node_modules/mime-db
718 silly ADD node_modules/safer-buffer
719 silly ADD node_modules/toidentifier
720 silly ADD node_modules/setprototypeof
721 silly ADD node_modules/inherits
722 silly ADD node_modules/depd
723 silly ADD node_modules/ms
724 silly ADD node_modules/safe-buffer
725 silly ADD node_modules/raw-body
726 silly ADD node_modules/iconv-lite
727 silly ADD node_modules/bytes
728 silly ADD node_modules/negotiator
729 silly ADD node_modules/type-is
730 silly ADD node_modules/statuses
731 silly ADD node_modules/serve-static
732 silly ADD node_modules/send
733 silly ADD node_modules/router
734 silly ADD node_modules/range-parser
735 silly ADD node_modules/qs
736 silly ADD node_modules/proxy-addr
737 silly ADD node_modules/parseurl
738 silly ADD node_modules/once
739 silly ADD node_modules/on-finished
740 silly ADD node_modules/mime-types
741 silly ADD node_modules/merge-descriptors
742 silly ADD node_modules/http-errors
743 silly ADD node_modules/http-errors/node_modules/statuses
744 silly ADD node_modules/fresh
745 silly ADD node_modules/finalhandler
746 silly ADD node_modules/etag
747 silly ADD node_modules/escape-html
748 silly ADD node_modules/encodeurl
749 silly ADD node_modules/debug
750 silly ADD node_modules/cookie-signature
751 silly ADD node_modules/cookie
752 silly ADD node_modules/content-type
753 silly ADD node_modules/content-disposition
754 silly ADD node_modules/body-parser
755 silly ADD node_modules/accepts
756 silly ADD node_modules/vary
757 silly ADD node_modules/object-assign
758 silly ADD node_modules/mongoose
759 silly ADD node_modules/express
760 silly ADD node_modules/dotenv
761 silly ADD node_modules/cors
762 verbose cwd /Users/chunsig-i/your-app/server/fullstack-app/server
763 verbose os Darwin 24.5.0
764 verbose node v22.14.0
765 verbose npm  v10.9.2
766 verbose exit 0
767 info ok
