0 verbose cli /usr/local/bin/node /usr/local/bin/npm
1 info using npm@10.9.2
2 info using node@v22.14.0
3 silly config load:file:/usr/local/lib/node_modules/npm/npmrc
4 silly config load:file:/Users/chunsig-i/your-app/server/.npmrc
5 silly config load:file:/Users/chunsig-i/.npmrc
6 silly config load:file:/usr/local/etc/npmrc
7 verbose title npm install
8 verbose argv "install"
9 verbose logfile logs-max:10 dir:/Users/chunsig-i/.npm/_logs/2025-07-22T23_58_04_930Z-
10 verbose logfile /Users/chunsig-i/.npm/_logs/2025-07-22T23_58_04_930Z-debug-0.log
11 silly logfile start cleaning logs, removing 1 files
12 silly packumentCache heap:4345298944 maxSize:1086324736 maxEntrySize:543162368
13 silly logfile done cleaning log files
14 silly idealTree buildDeps
15 silly reify moves {}
16 silly audit report null
17 verbose cwd /Users/chunsig-i/your-app/server/fullstack-app/client
18 verbose os Darwin 24.5.0
19 verbose node v22.14.0
20 verbose npm  v10.9.2
21 verbose exit 0
22 info ok
