0 verbose cli /usr/local/bin/node /usr/local/bin/npm
1 info using npm@10.9.2
2 info using node@v22.14.0
3 silly config load:file:/usr/local/lib/node_modules/npm/npmrc
4 silly config load:file:/Users/chunsig-i/your-app/server/.npmrc
5 silly config load:file:/Users/chunsig-i/.npmrc
6 silly config load:file:/usr/local/etc/npmrc
7 verbose title npm install axios
8 verbose argv "install" "axios"
9 verbose logfile logs-max:10 dir:/Users/chunsig-i/.npm/_logs/2025-07-22T23_58_05_196Z-
10 verbose logfile /Users/chunsig-i/.npm/_logs/2025-07-22T23_58_05_196Z-debug-0.log
11 silly logfile start cleaning logs, removing 1 files
12 silly packumentCache heap:4345298944 maxSize:1086324736 maxEntrySize:543162368
13 silly logfile done cleaning log files
14 silly idealTree buildDeps
15 silly fetch manifest axios@*
16 silly packumentCache full:https://registry.npmjs.org/axios cache-miss
17 http fetch GET 200 https://registry.npmjs.org/axios 151ms (cache miss)
18 silly packumentCache full:https://registry.npmjs.org/axios set size:undefined disposed:false
19 silly placeDep ROOT axios@1.10.0 OK for: server@1.0.0 want: *
20 silly fetch manifest form-data@^4.0.0
21 silly packumentCache full:https://registry.npmjs.org/form-data cache-miss
22 silly fetch manifest proxy-from-env@^1.1.0
23 silly packumentCache full:https://registry.npmjs.org/proxy-from-env cache-miss
24 silly fetch manifest follow-redirects@^1.15.6
25 silly packumentCache full:https://registry.npmjs.org/follow-redirects cache-miss
26 http fetch GET 200 https://registry.npmjs.org/proxy-from-env 94ms (cache miss)
27 silly packumentCache full:https://registry.npmjs.org/proxy-from-env set size:undefined disposed:false
28 http fetch GET 200 https://registry.npmjs.org/form-data 171ms (cache revalidated)
29 silly packumentCache full:https://registry.npmjs.org/form-data set size:137336 disposed:false
30 http fetch GET 200 https://registry.npmjs.org/follow-redirects 172ms (cache revalidated)
31 silly packumentCache full:https://registry.npmjs.org/follow-redirects set size:182478 disposed:false
32 silly placeDep ROOT follow-redirects@1.15.9 OK for: axios@1.10.0 want: ^1.15.6
33 silly placeDep ROOT form-data@4.0.4 OK for: axios@1.10.0 want: ^4.0.0
34 silly placeDep ROOT proxy-from-env@1.1.0 OK for: axios@1.10.0 want: ^1.1.0
35 silly fetch manifest hasown@^2.0.2
36 silly packumentCache full:https://registry.npmjs.org/hasown cache-miss
37 silly fetch manifest asynckit@^0.4.0
38 silly packumentCache full:https://registry.npmjs.org/asynckit cache-miss
39 silly fetch manifest mime-types@^2.1.12
40 silly packumentCache full:https://registry.npmjs.org/mime-types cache-miss
41 silly fetch manifest combined-stream@^1.0.8
42 silly packumentCache full:https://registry.npmjs.org/combined-stream cache-miss
43 silly fetch manifest es-set-tostringtag@^2.1.0
44 silly packumentCache full:https://registry.npmjs.org/es-set-tostringtag cache-miss
45 http cache https://registry.npmjs.org/hasown 8ms (cache hit)
46 silly packumentCache full:https://registry.npmjs.org/hasown set size:12476 disposed:false
47 http cache https://registry.npmjs.org/mime-types 9ms (cache hit)
48 silly packumentCache full:https://registry.npmjs.org/mime-types set size:136716 disposed:false
49 http fetch GET 200 https://registry.npmjs.org/combined-stream 42ms (cache revalidated)
50 silly packumentCache full:https://registry.npmjs.org/combined-stream set size:40337 disposed:false
51 http fetch GET 200 https://registry.npmjs.org/asynckit 43ms (cache revalidated)
52 silly packumentCache full:https://registry.npmjs.org/asynckit set size:17357 disposed:false
53 http fetch GET 200 https://registry.npmjs.org/es-set-tostringtag 68ms (cache revalidated)
54 silly packumentCache full:https://registry.npmjs.org/es-set-tostringtag set size:22094 disposed:false
55 silly placeDep ROOT asynckit@0.4.0 OK for: form-data@4.0.4 want: ^0.4.0
56 silly placeDep ROOT combined-stream@1.0.8 OK for: form-data@4.0.4 want: ^1.0.8
57 silly placeDep ROOT es-set-tostringtag@2.1.0 OK for: form-data@4.0.4 want: ^2.1.0
58 silly placeDep ROOT hasown@2.0.2 OK for: form-data@4.0.4 want: ^2.0.2
59 silly placeDep ROOT mime-types@2.1.35 OK for: form-data@4.0.4 want: ^2.1.12
60 silly fetch manifest delayed-stream@~1.0.0
61 silly packumentCache full:https://registry.npmjs.org/delayed-stream cache-miss
62 silly fetch manifest es-errors@^1.3.0
63 silly packumentCache full:https://registry.npmjs.org/es-errors cache-miss
64 silly fetch manifest get-intrinsic@^1.2.6
65 silly packumentCache full:https://registry.npmjs.org/get-intrinsic cache-miss
66 silly fetch manifest has-tostringtag@^1.0.2
67 silly packumentCache full:https://registry.npmjs.org/has-tostringtag cache-miss
68 silly fetch manifest function-bind@^1.1.2
69 silly packumentCache full:https://registry.npmjs.org/function-bind cache-miss
70 silly fetch manifest mime-db@1.52.0
71 silly packumentCache full:https://registry.npmjs.org/mime-db cache-miss
72 http cache https://registry.npmjs.org/es-errors 6ms (cache hit)
73 silly packumentCache full:https://registry.npmjs.org/es-errors set size:16918 disposed:false
74 http cache https://registry.npmjs.org/mime-db 6ms (cache hit)
75 silly packumentCache full:https://registry.npmjs.org/mime-db set size:164953 disposed:false
76 http cache https://registry.npmjs.org/get-intrinsic 7ms (cache hit)
77 silly packumentCache full:https://registry.npmjs.org/get-intrinsic set size:57687 disposed:false
78 http cache https://registry.npmjs.org/function-bind 9ms (cache hit)
79 silly packumentCache full:https://registry.npmjs.org/function-bind set size:15733 disposed:false
80 http fetch GET 200 https://registry.npmjs.org/has-tostringtag 43ms (cache revalidated)
81 silly packumentCache full:https://registry.npmjs.org/has-tostringtag set size:13945 disposed:false
82 http fetch GET 200 https://registry.npmjs.org/delayed-stream 89ms (cache revalidated)
83 silly packumentCache full:https://registry.npmjs.org/delayed-stream set size:15820 disposed:false
84 silly placeDep ROOT delayed-stream@1.0.0 OK for: combined-stream@1.0.8 want: ~1.0.0
85 silly placeDep ROOT es-errors@1.3.0 OK for: es-set-tostringtag@2.1.0 want: ^1.3.0
86 silly placeDep ROOT get-intrinsic@1.3.0 OK for: es-set-tostringtag@2.1.0 want: ^1.2.6
87 silly placeDep ROOT has-tostringtag@1.0.2 OK for: es-set-tostringtag@2.1.0 want: ^1.0.2
88 silly fetch manifest call-bind-apply-helpers@^1.0.2
89 silly packumentCache full:https://registry.npmjs.org/call-bind-apply-helpers cache-miss
90 silly fetch manifest es-define-property@^1.0.1
91 silly packumentCache full:https://registry.npmjs.org/es-define-property cache-miss
92 silly fetch manifest es-object-atoms@^1.1.1
93 silly packumentCache full:https://registry.npmjs.org/es-object-atoms cache-miss
94 silly fetch manifest get-proto@^1.0.1
95 silly packumentCache full:https://registry.npmjs.org/get-proto cache-miss
96 silly fetch manifest gopd@^1.2.0
97 silly packumentCache full:https://registry.npmjs.org/gopd cache-miss
98 silly fetch manifest has-symbols@^1.1.0
99 silly packumentCache full:https://registry.npmjs.org/has-symbols cache-miss
100 silly fetch manifest math-intrinsics@^1.1.0
101 silly packumentCache full:https://registry.npmjs.org/math-intrinsics cache-miss
102 silly fetch manifest has-symbols@^1.0.3
103 silly packumentCache full:https://registry.npmjs.org/has-symbols cache-miss
104 http cache https://registry.npmjs.org/es-define-property 5ms (cache hit)
105 silly packumentCache full:https://registry.npmjs.org/es-define-property set size:8542 disposed:false
106 http cache https://registry.npmjs.org/es-object-atoms 6ms (cache hit)
107 silly packumentCache full:https://registry.npmjs.org/es-object-atoms set size:15304 disposed:false
108 http cache https://registry.npmjs.org/call-bind-apply-helpers 6ms (cache hit)
109 silly packumentCache full:https://registry.npmjs.org/call-bind-apply-helpers set size:12744 disposed:false
110 http cache https://registry.npmjs.org/get-proto 6ms (cache hit)
111 silly packumentCache full:https://registry.npmjs.org/get-proto set size:8300 disposed:false
112 http cache https://registry.npmjs.org/has-symbols 6ms (cache hit)
113 silly packumentCache full:https://registry.npmjs.org/has-symbols set size:21550 disposed:false
114 http cache https://registry.npmjs.org/has-symbols 6ms (cache hit)
115 silly packumentCache full:https://registry.npmjs.org/has-symbols set size:21550 disposed:false
116 silly packumentCache full:https://registry.npmjs.org/has-symbols dispose
117 http cache https://registry.npmjs.org/gopd 6ms (cache hit)
118 silly packumentCache full:https://registry.npmjs.org/gopd set size:11458 disposed:false
119 http cache https://registry.npmjs.org/math-intrinsics 7ms (cache hit)
120 silly packumentCache full:https://registry.npmjs.org/math-intrinsics set size:9265 disposed:false
121 silly placeDep ROOT call-bind-apply-helpers@1.0.2 OK for: get-intrinsic@1.3.0 want: ^1.0.2
122 silly placeDep ROOT es-define-property@1.0.1 OK for: get-intrinsic@1.3.0 want: ^1.0.1
123 silly placeDep ROOT es-object-atoms@1.1.1 OK for: get-intrinsic@1.3.0 want: ^1.1.1
124 silly placeDep ROOT function-bind@1.1.2 OK for: get-intrinsic@1.3.0 want: ^1.1.2
125 silly placeDep ROOT get-proto@1.0.1 OK for: get-intrinsic@1.3.0 want: ^1.0.1
126 silly placeDep ROOT gopd@1.2.0 OK for: get-intrinsic@1.3.0 want: ^1.2.0
127 silly placeDep ROOT has-symbols@1.1.0 OK for: get-intrinsic@1.3.0 want: ^1.1.0
128 silly placeDep ROOT math-intrinsics@1.1.0 OK for: get-intrinsic@1.3.0 want: ^1.1.0
129 silly fetch manifest dunder-proto@^1.0.1
130 silly packumentCache full:https://registry.npmjs.org/dunder-proto cache-miss
131 http cache https://registry.npmjs.org/dunder-proto 2ms (cache hit)
132 silly packumentCache full:https://registry.npmjs.org/dunder-proto set size:8256 disposed:false
133 silly placeDep ROOT dunder-proto@1.0.1 OK for: get-proto@1.0.1 want: ^1.0.1
134 silly placeDep ROOT mime-db@1.52.0 OK for: mime-types@2.1.35 want: 1.52.0
135 silly reify moves {}
136 silly audit bulk request {
136 silly audit   axios: [ '1.10.0' ],
136 silly audit   'follow-redirects': [ '1.15.9' ],
136 silly audit   'form-data': [ '4.0.4' ],
136 silly audit   'proxy-from-env': [ '1.1.0' ],
136 silly audit   asynckit: [ '0.4.0' ],
136 silly audit   'combined-stream': [ '1.0.8' ],
136 silly audit   'es-set-tostringtag': [ '2.1.0' ],
136 silly audit   hasown: [ '2.0.2' ],
136 silly audit   'mime-types': [ '2.1.35' ],
136 silly audit   'delayed-stream': [ '1.0.0' ],
136 silly audit   'es-errors': [ '1.3.0' ],
136 silly audit   'get-intrinsic': [ '1.3.0' ],
136 silly audit   'has-tostringtag': [ '1.0.2' ],
136 silly audit   'call-bind-apply-helpers': [ '1.0.2' ],
136 silly audit   'es-define-property': [ '1.0.1' ],
136 silly audit   'es-object-atoms': [ '1.1.1' ],
136 silly audit   'function-bind': [ '1.1.2' ],
136 silly audit   'get-proto': [ '1.0.1' ],
136 silly audit   gopd: [ '1.2.0' ],
136 silly audit   'has-symbols': [ '1.1.0' ],
136 silly audit   'math-intrinsics': [ '1.1.0' ],
136 silly audit   'dunder-proto': [ '1.0.1' ],
136 silly audit   'mime-db': [ '1.52.0' ]
136 silly audit }
137 http cache mime-db@https://registry.npmjs.org/mime-db/-/mime-db-1.52.0.tgz 0ms (cache hit)
138 http cache dunder-proto@https://registry.npmjs.org/dunder-proto/-/dunder-proto-1.0.1.tgz 0ms (cache hit)
139 http cache has-symbols@https://registry.npmjs.org/has-symbols/-/has-symbols-1.1.0.tgz 0ms (cache hit)
140 http cache math-intrinsics@https://registry.npmjs.org/math-intrinsics/-/math-intrinsics-1.1.0.tgz 0ms (cache hit)
141 http cache gopd@https://registry.npmjs.org/gopd/-/gopd-1.2.0.tgz 0ms (cache hit)
142 http cache get-proto@https://registry.npmjs.org/get-proto/-/get-proto-1.0.1.tgz 0ms (cache hit)
143 http cache function-bind@https://registry.npmjs.org/function-bind/-/function-bind-1.1.2.tgz 0ms (cache hit)
144 http cache es-define-property@https://registry.npmjs.org/es-define-property/-/es-define-property-1.0.1.tgz 0ms (cache hit)
145 http cache es-object-atoms@https://registry.npmjs.org/es-object-atoms/-/es-object-atoms-1.1.1.tgz 0ms (cache hit)
146 http cache call-bind-apply-helpers@https://registry.npmjs.org/call-bind-apply-helpers/-/call-bind-apply-helpers-1.0.2.tgz 0ms (cache hit)
147 http cache has-tostringtag@https://registry.npmjs.org/has-tostringtag/-/has-tostringtag-1.0.2.tgz 0ms (cache hit)
148 http cache get-intrinsic@https://registry.npmjs.org/get-intrinsic/-/get-intrinsic-1.3.0.tgz 0ms (cache hit)
149 http cache es-errors@https://registry.npmjs.org/es-errors/-/es-errors-1.3.0.tgz 0ms (cache hit)
150 http cache delayed-stream@https://registry.npmjs.org/delayed-stream/-/delayed-stream-1.0.0.tgz 0ms (cache hit)
151 http cache mime-types@https://registry.npmjs.org/mime-types/-/mime-types-2.1.35.tgz 0ms (cache hit)
152 http cache es-set-tostringtag@https://registry.npmjs.org/es-set-tostringtag/-/es-set-tostringtag-2.1.0.tgz 0ms (cache hit)
153 http cache combined-stream@https://registry.npmjs.org/combined-stream/-/combined-stream-1.0.8.tgz 0ms (cache hit)
154 http cache asynckit@https://registry.npmjs.org/asynckit/-/asynckit-0.4.0.tgz 0ms (cache hit)
155 http cache proxy-from-env@https://registry.npmjs.org/proxy-from-env/-/proxy-from-env-1.1.0.tgz 0ms (cache hit)
156 http cache form-data@https://registry.npmjs.org/form-data/-/form-data-4.0.4.tgz 0ms (cache hit)
157 http cache follow-redirects@https://registry.npmjs.org/follow-redirects/-/follow-redirects-1.15.9.tgz 0ms (cache hit)
158 http cache axios@https://registry.npmjs.org/axios/-/axios-1.10.0.tgz 0ms (cache hit)
159 http cache hasown@https://registry.npmjs.org/hasown/-/hasown-2.0.2.tgz 0ms (cache hit)
160 silly tarball no local data for proxy-from-env@https://registry.npmjs.org/proxy-from-env/-/proxy-from-env-1.1.0.tgz. Extracting by manifest.
161 silly tarball no local data for form-data@https://registry.npmjs.org/form-data/-/form-data-4.0.4.tgz. Extracting by manifest.
162 silly tarball no local data for axios@https://registry.npmjs.org/axios/-/axios-1.10.0.tgz. Extracting by manifest.
163 http fetch GET 200 https://registry.npmjs.org/proxy-from-env/-/proxy-from-env-1.1.0.tgz 49ms (cache miss)
164 http fetch GET 200 https://registry.npmjs.org/form-data/-/form-data-4.0.4.tgz 50ms (cache miss)
165 http fetch GET 200 https://registry.npmjs.org/axios/-/axios-1.10.0.tgz 129ms (cache miss)
166 http fetch POST 200 https://registry.npmjs.org/-/npm/v1/security/advisories/bulk 202ms
167 silly audit report {}
168 silly ADD node_modules/mime-db
169 silly ADD node_modules/dunder-proto
170 silly ADD node_modules/math-intrinsics
171 silly ADD node_modules/has-symbols
172 silly ADD node_modules/gopd
173 silly ADD node_modules/get-proto
174 silly ADD node_modules/function-bind
175 silly ADD node_modules/es-object-atoms
176 silly ADD node_modules/es-define-property
177 silly ADD node_modules/call-bind-apply-helpers
178 silly ADD node_modules/has-tostringtag
179 silly ADD node_modules/get-intrinsic
180 silly ADD node_modules/es-errors
181 silly ADD node_modules/delayed-stream
182 silly ADD node_modules/mime-types
183 silly ADD node_modules/hasown
184 silly ADD node_modules/es-set-tostringtag
185 silly ADD node_modules/combined-stream
186 silly ADD node_modules/asynckit
187 silly ADD node_modules/proxy-from-env
188 silly ADD node_modules/form-data
189 silly ADD node_modules/follow-redirects
190 silly ADD node_modules/axios
191 verbose cwd /Users/chunsig-i/your-app/server/fullstack-app/client
192 verbose os Darwin 24.5.0
193 verbose node v22.14.0
194 verbose npm  v10.9.2
195 verbose exit 0
196 info ok
